  Scene1.cpp
c:\users\frostylore\desktop\poly s2 assignment 2\comg\assignment 2\dm2122_choipoh_assignment02\dm2122practical\source\scene1.cpp(150): warning C4552: '-': result of expression not used
c:\users\frostylore\desktop\poly s2 assignment 2\comg\assignment 2\dm2122_choipoh_assignment02\dm2122practical\source\scene1.cpp(153): warning C4244: 'argument': conversion from 'Light::LIGHT_TYPE' to 'GLfloat', possible loss of data
c:\users\frostylore\desktop\poly s2 assignment 2\comg\assignment 2\dm2122_choipoh_assignment02\dm2122practical\source\scene1.cpp(173): warning C4552: '-': result of expression not used
c:\users\frostylore\desktop\poly s2 assignment 2\comg\assignment 2\dm2122_choipoh_assignment02\dm2122practical\source\scene1.cpp(176): warning C4244: 'argument': conversion from 'Light::LIGHT_TYPE' to 'GLfloat', possible loss of data
c:\users\frostylore\desktop\poly s2 assignment 2\comg\assignment 2\dm2122_choipoh_assignment02\dm2122practical\source\scene1.cpp(319): warning C4305: 'argument': truncation from 'double' to 'float'
c:\users\frostylore\desktop\poly s2 assignment 2\comg\assignment 2\dm2122_choipoh_assignment02\dm2122practical\source\scene1.cpp(320): warning C4305: 'argument': truncation from 'double' to 'float'
c:\users\frostylore\desktop\poly s2 assignment 2\comg\assignment 2\dm2122_choipoh_assignment02\dm2122practical\source\scene1.cpp(325): warning C4305: 'argument': truncation from 'double' to 'float'
c:\users\frostylore\desktop\poly s2 assignment 2\comg\assignment 2\dm2122_choipoh_assignment02\dm2122practical\source\scene1.cpp(329): warning C4305: 'argument': truncation from 'double' to 'float'
c:\users\frostylore\desktop\poly s2 assignment 2\comg\assignment 2\dm2122_choipoh_assignment02\dm2122practical\source\scene1.cpp(330): warning C4305: 'argument': truncation from 'double' to 'float'
c:\users\frostylore\desktop\poly s2 assignment 2\comg\assignment 2\dm2122_choipoh_assignment02\dm2122practical\source\scene1.cpp(331): warning C4305: '=': truncation from 'double' to 'float'
c:\users\frostylore\desktop\poly s2 assignment 2\comg\assignment 2\dm2122_choipoh_assignment02\dm2122practical\source\scene1.cpp(332): warning C4305: 'argument': truncation from 'double' to 'float'
c:\users\frostylore\desktop\poly s2 assignment 2\comg\assignment 2\dm2122_choipoh_assignment02\dm2122practical\source\scene1.cpp(334): warning C4305: 'argument': truncation from 'double' to 'float'
c:\users\frostylore\desktop\poly s2 assignment 2\comg\assignment 2\dm2122_choipoh_assignment02\dm2122practical\source\scene1.cpp(335): warning C4305: 'argument': truncation from 'double' to 'float'
c:\users\frostylore\desktop\poly s2 assignment 2\comg\assignment 2\dm2122_choipoh_assignment02\dm2122practical\source\scene1.cpp(336): warning C4305: '=': truncation from 'double' to 'float'
c:\users\frostylore\desktop\poly s2 assignment 2\comg\assignment 2\dm2122_choipoh_assignment02\dm2122practical\source\scene1.cpp(337): warning C4305: 'argument': truncation from 'double' to 'float'
c:\users\frostylore\desktop\poly s2 assignment 2\comg\assignment 2\dm2122_choipoh_assignment02\dm2122practical\source\scene1.cpp(339): warning C4305: 'argument': truncation from 'double' to 'float'
c:\users\frostylore\desktop\poly s2 assignment 2\comg\assignment 2\dm2122_choipoh_assignment02\dm2122practical\source\scene1.cpp(340): warning C4305: 'argument': truncation from 'double' to 'float'
c:\users\frostylore\desktop\poly s2 assignment 2\comg\assignment 2\dm2122_choipoh_assignment02\dm2122practical\source\scene1.cpp(341): warning C4305: '=': truncation from 'double' to 'float'
c:\users\frostylore\desktop\poly s2 assignment 2\comg\assignment 2\dm2122_choipoh_assignment02\dm2122practical\source\scene1.cpp(342): warning C4305: 'argument': truncation from 'double' to 'float'
c:\users\frostylore\desktop\poly s2 assignment 2\comg\assignment 2\dm2122_choipoh_assignment02\dm2122practical\source\scene1.cpp(344): warning C4305: 'argument': truncation from 'double' to 'float'
c:\users\frostylore\desktop\poly s2 assignment 2\comg\assignment 2\dm2122_choipoh_assignment02\dm2122practical\source\scene1.cpp(345): warning C4305: 'argument': truncation from 'double' to 'float'
c:\users\frostylore\desktop\poly s2 assignment 2\comg\assignment 2\dm2122_choipoh_assignment02\dm2122practical\source\scene1.cpp(346): warning C4305: '=': truncation from 'double' to 'float'
c:\users\frostylore\desktop\poly s2 assignment 2\comg\assignment 2\dm2122_choipoh_assignment02\dm2122practical\source\scene1.cpp(347): warning C4305: 'argument': truncation from 'double' to 'float'
c:\users\frostylore\desktop\poly s2 assignment 2\comg\assignment 2\dm2122_choipoh_assignment02\dm2122practical\source\scene1.cpp(349): warning C4305: 'argument': truncation from 'double' to 'float'
c:\users\frostylore\desktop\poly s2 assignment 2\comg\assignment 2\dm2122_choipoh_assignment02\dm2122practical\source\scene1.cpp(350): warning C4305: 'argument': truncation from 'double' to 'float'
c:\users\frostylore\desktop\poly s2 assignment 2\comg\assignment 2\dm2122_choipoh_assignment02\dm2122practical\source\scene1.cpp(351): warning C4305: 'argument': truncation from 'double' to 'float'
c:\users\frostylore\desktop\poly s2 assignment 2\comg\assignment 2\dm2122_choipoh_assignment02\dm2122practical\source\scene1.cpp(353): warning C4305: 'argument': truncation from 'double' to 'float'
c:\users\frostylore\desktop\poly s2 assignment 2\comg\assignment 2\dm2122_choipoh_assignment02\dm2122practical\source\scene1.cpp(354): warning C4305: 'argument': truncation from 'double' to 'float'
c:\users\frostylore\desktop\poly s2 assignment 2\comg\assignment 2\dm2122_choipoh_assignment02\dm2122practical\source\scene1.cpp(355): warning C4305: 'argument': truncation from 'double' to 'float'
c:\users\frostylore\desktop\poly s2 assignment 2\comg\assignment 2\dm2122_choipoh_assignment02\dm2122practical\source\scene1.cpp(357): warning C4305: 'argument': truncation from 'double' to 'float'
c:\users\frostylore\desktop\poly s2 assignment 2\comg\assignment 2\dm2122_choipoh_assignment02\dm2122practical\source\scene1.cpp(358): warning C4305: 'argument': truncation from 'double' to 'float'
c:\users\frostylore\desktop\poly s2 assignment 2\comg\assignment 2\dm2122_choipoh_assignment02\dm2122practical\source\scene1.cpp(359): warning C4305: 'argument': truncation from 'double' to 'float'
c:\users\frostylore\desktop\poly s2 assignment 2\comg\assignment 2\dm2122_choipoh_assignment02\dm2122practical\source\scene1.cpp(361): warning C4305: 'argument': truncation from 'double' to 'float'
c:\users\frostylore\desktop\poly s2 assignment 2\comg\assignment 2\dm2122_choipoh_assignment02\dm2122practical\source\scene1.cpp(362): warning C4305: 'argument': truncation from 'double' to 'float'
c:\users\frostylore\desktop\poly s2 assignment 2\comg\assignment 2\dm2122_choipoh_assignment02\dm2122practical\source\scene1.cpp(363): warning C4305: 'argument': truncation from 'double' to 'float'
c:\users\frostylore\desktop\poly s2 assignment 2\comg\assignment 2\dm2122_choipoh_assignment02\dm2122practical\source\scene1.cpp(365): warning C4305: 'argument': truncation from 'double' to 'float'
c:\users\frostylore\desktop\poly s2 assignment 2\comg\assignment 2\dm2122_choipoh_assignment02\dm2122practical\source\scene1.cpp(366): warning C4305: 'argument': truncation from 'double' to 'float'
c:\users\frostylore\desktop\poly s2 assignment 2\comg\assignment 2\dm2122_choipoh_assignment02\dm2122practical\source\scene1.cpp(367): warning C4305: '=': truncation from 'double' to 'float'
c:\users\frostylore\desktop\poly s2 assignment 2\comg\assignment 2\dm2122_choipoh_assignment02\dm2122practical\source\scene1.cpp(368): warning C4305: 'argument': truncation from 'double' to 'float'
c:\users\frostylore\desktop\poly s2 assignment 2\comg\assignment 2\dm2122_choipoh_assignment02\dm2122practical\source\scene1.cpp(370): warning C4305: 'argument': truncation from 'double' to 'float'
c:\users\frostylore\desktop\poly s2 assignment 2\comg\assignment 2\dm2122_choipoh_assignment02\dm2122practical\source\scene1.cpp(371): warning C4305: 'argument': truncation from 'double' to 'float'
c:\users\frostylore\desktop\poly s2 assignment 2\comg\assignment 2\dm2122_choipoh_assignment02\dm2122practical\source\scene1.cpp(372): warning C4305: '=': truncation from 'double' to 'float'
c:\users\frostylore\desktop\poly s2 assignment 2\comg\assignment 2\dm2122_choipoh_assignment02\dm2122practical\source\scene1.cpp(373): warning C4305: 'argument': truncation from 'double' to 'float'
c:\users\frostylore\desktop\poly s2 assignment 2\comg\assignment 2\dm2122_choipoh_assignment02\dm2122practical\source\scene1.cpp(375): warning C4305: 'argument': truncation from 'double' to 'float'
c:\users\frostylore\desktop\poly s2 assignment 2\comg\assignment 2\dm2122_choipoh_assignment02\dm2122practical\source\scene1.cpp(376): warning C4305: 'argument': truncation from 'double' to 'float'
c:\users\frostylore\desktop\poly s2 assignment 2\comg\assignment 2\dm2122_choipoh_assignment02\dm2122practical\source\scene1.cpp(377): warning C4305: '=': truncation from 'double' to 'float'
c:\users\frostylore\desktop\poly s2 assignment 2\comg\assignment 2\dm2122_choipoh_assignment02\dm2122practical\source\scene1.cpp(378): warning C4305: 'argument': truncation from 'double' to 'float'
c:\users\frostylore\desktop\poly s2 assignment 2\comg\assignment 2\dm2122_choipoh_assignment02\dm2122practical\source\scene1.cpp(380): warning C4305: 'argument': truncation from 'double' to 'float'
c:\users\frostylore\desktop\poly s2 assignment 2\comg\assignment 2\dm2122_choipoh_assignment02\dm2122practical\source\scene1.cpp(381): warning C4305: 'argument': truncation from 'double' to 'float'
c:\users\frostylore\desktop\poly s2 assignment 2\comg\assignment 2\dm2122_choipoh_assignment02\dm2122practical\source\scene1.cpp(382): warning C4305: '=': truncation from 'double' to 'float'
c:\users\frostylore\desktop\poly s2 assignment 2\comg\assignment 2\dm2122_choipoh_assignment02\dm2122practical\source\scene1.cpp(383): warning C4305: 'argument': truncation from 'double' to 'float'
c:\users\frostylore\desktop\poly s2 assignment 2\comg\assignment 2\dm2122_choipoh_assignment02\dm2122practical\source\scene1.cpp(385): warning C4305: 'argument': truncation from 'double' to 'float'
c:\users\frostylore\desktop\poly s2 assignment 2\comg\assignment 2\dm2122_choipoh_assignment02\dm2122practical\source\scene1.cpp(386): warning C4305: 'argument': truncation from 'double' to 'float'
c:\users\frostylore\desktop\poly s2 assignment 2\comg\assignment 2\dm2122_choipoh_assignment02\dm2122practical\source\scene1.cpp(387): warning C4305: '=': truncation from 'double' to 'float'
c:\users\frostylore\desktop\poly s2 assignment 2\comg\assignment 2\dm2122_choipoh_assignment02\dm2122practical\source\scene1.cpp(388): warning C4305: 'argument': truncation from 'double' to 'float'
c:\users\frostylore\desktop\poly s2 assignment 2\comg\assignment 2\dm2122_choipoh_assignment02\dm2122practical\source\scene1.cpp(390): warning C4305: 'argument': truncation from 'double' to 'float'
c:\users\frostylore\desktop\poly s2 assignment 2\comg\assignment 2\dm2122_choipoh_assignment02\dm2122practical\source\scene1.cpp(391): warning C4305: 'argument': truncation from 'double' to 'float'
c:\users\frostylore\desktop\poly s2 assignment 2\comg\assignment 2\dm2122_choipoh_assignment02\dm2122practical\source\scene1.cpp(392): warning C4305: '=': truncation from 'double' to 'float'
c:\users\frostylore\desktop\poly s2 assignment 2\comg\assignment 2\dm2122_choipoh_assignment02\dm2122practical\source\scene1.cpp(393): warning C4305: 'argument': truncation from 'double' to 'float'
c:\users\frostylore\desktop\poly s2 assignment 2\comg\assignment 2\dm2122_choipoh_assignment02\dm2122practical\source\scene1.cpp(395): warning C4305: 'argument': truncation from 'double' to 'float'
c:\users\frostylore\desktop\poly s2 assignment 2\comg\assignment 2\dm2122_choipoh_assignment02\dm2122practical\source\scene1.cpp(396): warning C4305: 'argument': truncation from 'double' to 'float'
c:\users\frostylore\desktop\poly s2 assignment 2\comg\assignment 2\dm2122_choipoh_assignment02\dm2122practical\source\scene1.cpp(397): warning C4305: '=': truncation from 'double' to 'float'
c:\users\frostylore\desktop\poly s2 assignment 2\comg\assignment 2\dm2122_choipoh_assignment02\dm2122practical\source\scene1.cpp(398): warning C4305: 'argument': truncation from 'double' to 'float'
c:\users\frostylore\desktop\poly s2 assignment 2\comg\assignment 2\dm2122_choipoh_assignment02\dm2122practical\source\scene1.cpp(400): warning C4305: 'argument': truncation from 'double' to 'float'
c:\users\frostylore\desktop\poly s2 assignment 2\comg\assignment 2\dm2122_choipoh_assignment02\dm2122practical\source\scene1.cpp(401): warning C4305: 'argument': truncation from 'double' to 'float'
c:\users\frostylore\desktop\poly s2 assignment 2\comg\assignment 2\dm2122_choipoh_assignment02\dm2122practical\source\scene1.cpp(402): warning C4305: '=': truncation from 'double' to 'float'
c:\users\frostylore\desktop\poly s2 assignment 2\comg\assignment 2\dm2122_choipoh_assignment02\dm2122practical\source\scene1.cpp(403): warning C4305: 'argument': truncation from 'double' to 'float'
c:\users\frostylore\desktop\poly s2 assignment 2\comg\assignment 2\dm2122_choipoh_assignment02\dm2122practical\source\scene1.cpp(405): warning C4305: 'argument': truncation from 'double' to 'float'
c:\users\frostylore\desktop\poly s2 assignment 2\comg\assignment 2\dm2122_choipoh_assignment02\dm2122practical\source\scene1.cpp(406): warning C4305: 'argument': truncation from 'double' to 'float'
c:\users\frostylore\desktop\poly s2 assignment 2\comg\assignment 2\dm2122_choipoh_assignment02\dm2122practical\source\scene1.cpp(407): warning C4305: '=': truncation from 'double' to 'float'
c:\users\frostylore\desktop\poly s2 assignment 2\comg\assignment 2\dm2122_choipoh_assignment02\dm2122practical\source\scene1.cpp(408): warning C4305: 'argument': truncation from 'double' to 'float'
c:\users\frostylore\desktop\poly s2 assignment 2\comg\assignment 2\dm2122_choipoh_assignment02\dm2122practical\source\scene1.cpp(410): warning C4305: 'argument': truncation from 'double' to 'float'
c:\users\frostylore\desktop\poly s2 assignment 2\comg\assignment 2\dm2122_choipoh_assignment02\dm2122practical\source\scene1.cpp(411): warning C4305: 'argument': truncation from 'double' to 'float'
c:\users\frostylore\desktop\poly s2 assignment 2\comg\assignment 2\dm2122_choipoh_assignment02\dm2122practical\source\scene1.cpp(412): warning C4305: '=': truncation from 'double' to 'float'
c:\users\frostylore\desktop\poly s2 assignment 2\comg\assignment 2\dm2122_choipoh_assignment02\dm2122practical\source\scene1.cpp(413): warning C4305: 'argument': truncation from 'double' to 'float'
c:\users\frostylore\desktop\poly s2 assignment 2\comg\assignment 2\dm2122_choipoh_assignment02\dm2122practical\source\scene1.cpp(415): warning C4305: 'argument': truncation from 'double' to 'float'
c:\users\frostylore\desktop\poly s2 assignment 2\comg\assignment 2\dm2122_choipoh_assignment02\dm2122practical\source\scene1.cpp(416): warning C4305: 'argument': truncation from 'double' to 'float'
c:\users\frostylore\desktop\poly s2 assignment 2\comg\assignment 2\dm2122_choipoh_assignment02\dm2122practical\source\scene1.cpp(417): warning C4305: '=': truncation from 'double' to 'float'
c:\users\frostylore\desktop\poly s2 assignment 2\comg\assignment 2\dm2122_choipoh_assignment02\dm2122practical\source\scene1.cpp(418): warning C4305: 'argument': truncation from 'double' to 'float'
c:\users\frostylore\desktop\poly s2 assignment 2\comg\assignment 2\dm2122_choipoh_assignment02\dm2122practical\source\scene1.cpp(420): warning C4305: 'argument': truncation from 'double' to 'float'
c:\users\frostylore\desktop\poly s2 assignment 2\comg\assignment 2\dm2122_choipoh_assignment02\dm2122practical\source\scene1.cpp(421): warning C4305: 'argument': truncation from 'double' to 'float'
c:\users\frostylore\desktop\poly s2 assignment 2\comg\assignment 2\dm2122_choipoh_assignment02\dm2122practical\source\scene1.cpp(422): warning C4305: '=': truncation from 'double' to 'float'
c:\users\frostylore\desktop\poly s2 assignment 2\comg\assignment 2\dm2122_choipoh_assignment02\dm2122practical\source\scene1.cpp(423): warning C4305: 'argument': truncation from 'double' to 'float'
c:\users\frostylore\desktop\poly s2 assignment 2\comg\assignment 2\dm2122_choipoh_assignment02\dm2122practical\source\scene1.cpp(425): warning C4305: 'argument': truncation from 'double' to 'float'
c:\users\frostylore\desktop\poly s2 assignment 2\comg\assignment 2\dm2122_choipoh_assignment02\dm2122practical\source\scene1.cpp(426): warning C4305: 'argument': truncation from 'double' to 'float'
c:\users\frostylore\desktop\poly s2 assignment 2\comg\assignment 2\dm2122_choipoh_assignment02\dm2122practical\source\scene1.cpp(427): warning C4305: '=': truncation from 'double' to 'float'
c:\users\frostylore\desktop\poly s2 assignment 2\comg\assignment 2\dm2122_choipoh_assignment02\dm2122practical\source\scene1.cpp(428): warning C4305: 'argument': truncation from 'double' to 'float'
c:\users\frostylore\desktop\poly s2 assignment 2\comg\assignment 2\dm2122_choipoh_assignment02\dm2122practical\source\scene1.cpp(430): warning C4305: 'argument': truncation from 'double' to 'float'
c:\users\frostylore\desktop\poly s2 assignment 2\comg\assignment 2\dm2122_choipoh_assignment02\dm2122practical\source\scene1.cpp(431): warning C4305: 'argument': truncation from 'double' to 'float'
c:\users\frostylore\desktop\poly s2 assignment 2\comg\assignment 2\dm2122_choipoh_assignment02\dm2122practical\source\scene1.cpp(432): warning C4305: '=': truncation from 'double' to 'float'
c:\users\frostylore\desktop\poly s2 assignment 2\comg\assignment 2\dm2122_choipoh_assignment02\dm2122practical\source\scene1.cpp(433): warning C4305: 'argument': truncation from 'double' to 'float'
c:\users\frostylore\desktop\poly s2 assignment 2\comg\assignment 2\dm2122_choipoh_assignment02\dm2122practical\source\scene1.cpp(435): warning C4305: 'argument': truncation from 'double' to 'float'
c:\users\frostylore\desktop\poly s2 assignment 2\comg\assignment 2\dm2122_choipoh_assignment02\dm2122practical\source\scene1.cpp(436): warning C4305: 'argument': truncation from 'double' to 'float'
c:\users\frostylore\desktop\poly s2 assignment 2\comg\assignment 2\dm2122_choipoh_assignment02\dm2122practical\source\scene1.cpp(437): warning C4305: '=': truncation from 'double' to 'float'
c:\users\frostylore\desktop\poly s2 assignment 2\comg\assignment 2\dm2122_choipoh_assignment02\dm2122practical\source\scene1.cpp(438): warning C4305: 'argument': truncation from 'double' to 'float'
c:\users\frostylore\desktop\poly s2 assignment 2\comg\assignment 2\dm2122_choipoh_assignment02\dm2122practical\source\scene1.cpp(440): warning C4305: 'argument': truncation from 'double' to 'float'
c:\users\frostylore\desktop\poly s2 assignment 2\comg\assignment 2\dm2122_choipoh_assignment02\dm2122practical\source\scene1.cpp(441): warning C4305: 'argument': truncation from 'double' to 'float'
c:\users\frostylore\desktop\poly s2 assignment 2\comg\assignment 2\dm2122_choipoh_assignment02\dm2122practical\source\scene1.cpp(442): warning C4305: '=': truncation from 'double' to 'float'
c:\users\frostylore\desktop\poly s2 assignment 2\comg\assignment 2\dm2122_choipoh_assignment02\dm2122practical\source\scene1.cpp(443): warning C4305: 'argument': truncation from 'double' to 'float'
c:\users\frostylore\desktop\poly s2 assignment 2\comg\assignment 2\dm2122_choipoh_assignment02\dm2122practical\source\scene1.cpp(445): warning C4305: 'argument': truncation from 'double' to 'float'
c:\users\frostylore\desktop\poly s2 assignment 2\comg\assignment 2\dm2122_choipoh_assignment02\dm2122practical\source\scene1.cpp(446): warning C4305: 'argument': truncation from 'double' to 'float'
c:\users\frostylore\desktop\poly s2 assignment 2\comg\assignment 2\dm2122_choipoh_assignment02\dm2122practical\source\scene1.cpp(447): warning C4305: '=': truncation from 'double' to 'float'
c:\users\frostylore\desktop\poly s2 assignment 2\comg\assignment 2\dm2122_choipoh_assignment02\dm2122practical\source\scene1.cpp(448): warning C4305: 'argument': truncation from 'double' to 'float'
c:\users\frostylore\desktop\poly s2 assignment 2\comg\assignment 2\dm2122_choipoh_assignment02\dm2122practical\source\scene1.cpp(450): warning C4305: 'argument': truncation from 'double' to 'float'
c:\users\frostylore\desktop\poly s2 assignment 2\comg\assignment 2\dm2122_choipoh_assignment02\dm2122practical\source\scene1.cpp(451): warning C4305: 'argument': truncation from 'double' to 'float'
c:\users\frostylore\desktop\poly s2 assignment 2\comg\assignment 2\dm2122_choipoh_assignment02\dm2122practical\source\scene1.cpp(452): warning C4305: '=': truncation from 'double' to 'float'
c:\users\frostylore\desktop\poly s2 assignment 2\comg\assignment 2\dm2122_choipoh_assignment02\dm2122practical\source\scene1.cpp(453): warning C4305: 'argument': truncation from 'double' to 'float'
c:\users\frostylore\desktop\poly s2 assignment 2\comg\assignment 2\dm2122_choipoh_assignment02\dm2122practical\source\scene1.cpp(455): warning C4305: 'argument': truncation from 'double' to 'float'
c:\users\frostylore\desktop\poly s2 assignment 2\comg\assignment 2\dm2122_choipoh_assignment02\dm2122practical\source\scene1.cpp(456): warning C4305: 'argument': truncation from 'double' to 'float'
c:\users\frostylore\desktop\poly s2 assignment 2\comg\assignment 2\dm2122_choipoh_assignment02\dm2122practical\source\scene1.cpp(457): warning C4305: '=': truncation from 'double' to 'float'
c:\users\frostylore\desktop\poly s2 assignment 2\comg\assignment 2\dm2122_choipoh_assignment02\dm2122practical\source\scene1.cpp(458): warning C4305: 'argument': truncation from 'double' to 'float'
c:\users\frostylore\desktop\poly s2 assignment 2\comg\assignment 2\dm2122_choipoh_assignment02\dm2122practical\source\scene1.cpp(460): warning C4305: 'argument': truncation from 'double' to 'float'
c:\users\frostylore\desktop\poly s2 assignment 2\comg\assignment 2\dm2122_choipoh_assignment02\dm2122practical\source\scene1.cpp(461): warning C4305: 'argument': truncation from 'double' to 'float'
c:\users\frostylore\desktop\poly s2 assignment 2\comg\assignment 2\dm2122_choipoh_assignment02\dm2122practical\source\scene1.cpp(462): warning C4305: '=': truncation from 'double' to 'float'
c:\users\frostylore\desktop\poly s2 assignment 2\comg\assignment 2\dm2122_choipoh_assignment02\dm2122practical\source\scene1.cpp(463): warning C4305: 'argument': truncation from 'double' to 'float'
c:\users\frostylore\desktop\poly s2 assignment 2\comg\assignment 2\dm2122_choipoh_assignment02\dm2122practical\source\scene1.cpp(465): warning C4305: 'argument': truncation from 'double' to 'float'
c:\users\frostylore\desktop\poly s2 assignment 2\comg\assignment 2\dm2122_choipoh_assignment02\dm2122practical\source\scene1.cpp(466): warning C4305: 'argument': truncation from 'double' to 'float'
c:\users\frostylore\desktop\poly s2 assignment 2\comg\assignment 2\dm2122_choipoh_assignment02\dm2122practical\source\scene1.cpp(467): warning C4305: '=': truncation from 'double' to 'float'
c:\users\frostylore\desktop\poly s2 assignment 2\comg\assignment 2\dm2122_choipoh_assignment02\dm2122practical\source\scene1.cpp(468): warning C4305: 'argument': truncation from 'double' to 'float'
c:\users\frostylore\desktop\poly s2 assignment 2\comg\assignment 2\dm2122_choipoh_assignment02\dm2122practical\source\scene1.cpp(470): warning C4305: 'argument': truncation from 'double' to 'float'
c:\users\frostylore\desktop\poly s2 assignment 2\comg\assignment 2\dm2122_choipoh_assignment02\dm2122practical\source\scene1.cpp(471): warning C4305: 'argument': truncation from 'double' to 'float'
c:\users\frostylore\desktop\poly s2 assignment 2\comg\assignment 2\dm2122_choipoh_assignment02\dm2122practical\source\scene1.cpp(472): warning C4305: '=': truncation from 'double' to 'float'
c:\users\frostylore\desktop\poly s2 assignment 2\comg\assignment 2\dm2122_choipoh_assignment02\dm2122practical\source\scene1.cpp(473): warning C4305: 'argument': truncation from 'double' to 'float'
c:\users\frostylore\desktop\poly s2 assignment 2\comg\assignment 2\dm2122_choipoh_assignment02\dm2122practical\source\scene1.cpp(475): warning C4305: 'argument': truncation from 'double' to 'float'
c:\users\frostylore\desktop\poly s2 assignment 2\comg\assignment 2\dm2122_choipoh_assignment02\dm2122practical\source\scene1.cpp(476): warning C4305: 'argument': truncation from 'double' to 'float'
c:\users\frostylore\desktop\poly s2 assignment 2\comg\assignment 2\dm2122_choipoh_assignment02\dm2122practical\source\scene1.cpp(477): warning C4305: '=': truncation from 'double' to 'float'
c:\users\frostylore\desktop\poly s2 assignment 2\comg\assignment 2\dm2122_choipoh_assignment02\dm2122practical\source\scene1.cpp(478): warning C4305: 'argument': truncation from 'double' to 'float'
c:\users\frostylore\desktop\poly s2 assignment 2\comg\assignment 2\dm2122_choipoh_assignment02\dm2122practical\source\scene1.cpp(480): warning C4305: 'argument': truncation from 'double' to 'float'
c:\users\frostylore\desktop\poly s2 assignment 2\comg\assignment 2\dm2122_choipoh_assignment02\dm2122practical\source\scene1.cpp(481): warning C4305: 'argument': truncation from 'double' to 'float'
c:\users\frostylore\desktop\poly s2 assignment 2\comg\assignment 2\dm2122_choipoh_assignment02\dm2122practical\source\scene1.cpp(482): warning C4305: '=': truncation from 'double' to 'float'
c:\users\frostylore\desktop\poly s2 assignment 2\comg\assignment 2\dm2122_choipoh_assignment02\dm2122practical\source\scene1.cpp(483): warning C4305: 'argument': truncation from 'double' to 'float'
c:\users\frostylore\desktop\poly s2 assignment 2\comg\assignment 2\dm2122_choipoh_assignment02\dm2122practical\source\scene1.cpp(485): warning C4305: 'argument': truncation from 'double' to 'float'
c:\users\frostylore\desktop\poly s2 assignment 2\comg\assignment 2\dm2122_choipoh_assignment02\dm2122practical\source\scene1.cpp(486): warning C4305: 'argument': truncation from 'double' to 'float'
c:\users\frostylore\desktop\poly s2 assignment 2\comg\assignment 2\dm2122_choipoh_assignment02\dm2122practical\source\scene1.cpp(487): warning C4305: '=': truncation from 'double' to 'float'
c:\users\frostylore\desktop\poly s2 assignment 2\comg\assignment 2\dm2122_choipoh_assignment02\dm2122practical\source\scene1.cpp(488): warning C4305: 'argument': truncation from 'double' to 'float'
c:\users\frostylore\desktop\poly s2 assignment 2\comg\assignment 2\dm2122_choipoh_assignment02\dm2122practical\source\scene1.cpp(490): warning C4305: 'argument': truncation from 'double' to 'float'
c:\users\frostylore\desktop\poly s2 assignment 2\comg\assignment 2\dm2122_choipoh_assignment02\dm2122practical\source\scene1.cpp(491): warning C4305: 'argument': truncation from 'double' to 'float'
c:\users\frostylore\desktop\poly s2 assignment 2\comg\assignment 2\dm2122_choipoh_assignment02\dm2122practical\source\scene1.cpp(492): warning C4305: '=': truncation from 'double' to 'float'
c:\users\frostylore\desktop\poly s2 assignment 2\comg\assignment 2\dm2122_choipoh_assignment02\dm2122practical\source\scene1.cpp(493): warning C4305: 'argument': truncation from 'double' to 'float'
c:\users\frostylore\desktop\poly s2 assignment 2\comg\assignment 2\dm2122_choipoh_assignment02\dm2122practical\source\scene1.cpp(1193): warning C4305: 'argument': truncation from 'double' to 'float'
  DM2122Practical.vcxproj -> C:\Users\FrostyLore\Desktop\Poly S2 Assignment 2\COMG\Assignment 2\DM2122_ChoiPoh_Assignment02\Debug\DM2122Practical.exe
