c:\users\frostylore\desktop\poly s2 assignment 2\comg\assignment 2\dm2122_choipoh_assignment01\dm2122practical\debug\vc141.pdb
c:\users\frostylore\desktop\poly s2 assignment 2\comg\assignment 2\dm2122_choipoh_assignment01\dm2122practical\debug\vc141.idb
c:\users\frostylore\desktop\poly s2 assignment 2\comg\assignment 2\dm2122_choipoh_assignment01\dm2122practical\debug\utility.obj
c:\users\frostylore\desktop\poly s2 assignment 2\comg\assignment 2\dm2122_choipoh_assignment01\dm2122practical\debug\shader.obj
c:\users\frostylore\desktop\poly s2 assignment 2\comg\assignment 2\dm2122_choipoh_assignment01\dm2122practical\debug\scene1.obj
c:\users\frostylore\desktop\poly s2 assignment 2\comg\assignment 2\dm2122_choipoh_assignment01\dm2122practical\debug\meshbuilder.obj
c:\users\frostylore\desktop\poly s2 assignment 2\comg\assignment 2\dm2122_choipoh_assignment01\dm2122practical\debug\mesh.obj
c:\users\frostylore\desktop\poly s2 assignment 2\comg\assignment 2\dm2122_choipoh_assignment01\dm2122practical\debug\main.obj
c:\users\frostylore\desktop\poly s2 assignment 2\comg\assignment 2\dm2122_choipoh_assignment01\dm2122practical\debug\loadtga.obj
c:\users\frostylore\desktop\poly s2 assignment 2\comg\assignment 2\dm2122_choipoh_assignment01\dm2122practical\debug\loadobj.obj
c:\users\frostylore\desktop\poly s2 assignment 2\comg\assignment 2\dm2122_choipoh_assignment01\dm2122practical\debug\camera3.obj
c:\users\frostylore\desktop\poly s2 assignment 2\comg\assignment 2\dm2122_choipoh_assignment01\dm2122practical\debug\camera2.obj
c:\users\frostylore\desktop\poly s2 assignment 2\comg\assignment 2\dm2122_choipoh_assignment01\dm2122practical\debug\camera.obj
c:\users\frostylore\desktop\poly s2 assignment 2\comg\assignment 2\dm2122_choipoh_assignment01\dm2122practical\debug\application.obj
c:\users\frostylore\desktop\poly s2 assignment 2\comg\assignment 2\dm2122_choipoh_assignment01\debug\dm2122practical.exe
c:\users\frostylore\desktop\poly s2 assignment 2\comg\assignment 2\dm2122_choipoh_assignment01\debug\dm2122practical.ilk
c:\users\frostylore\desktop\poly s2 assignment 2\comg\assignment 2\dm2122_choipoh_assignment01\debug\dm2122practical.pdb
c:\users\frostylore\desktop\poly s2 assignment 2\comg\assignment 2\dm2122_choipoh_assignment02\dm2122practical\debug\application.obj
c:\users\frostylore\desktop\poly s2 assignment 2\comg\assignment 2\dm2122_choipoh_assignment02\dm2122practical\debug\camera.obj
c:\users\frostylore\desktop\poly s2 assignment 2\comg\assignment 2\dm2122_choipoh_assignment02\dm2122practical\debug\camera2.obj
c:\users\frostylore\desktop\poly s2 assignment 2\comg\assignment 2\dm2122_choipoh_assignment02\dm2122practical\debug\camera3.obj
c:\users\frostylore\desktop\poly s2 assignment 2\comg\assignment 2\dm2122_choipoh_assignment02\dm2122practical\debug\loadobj.obj
c:\users\frostylore\desktop\poly s2 assignment 2\comg\assignment 2\dm2122_choipoh_assignment02\dm2122practical\debug\loadtga.obj
c:\users\frostylore\desktop\poly s2 assignment 2\comg\assignment 2\dm2122_choipoh_assignment02\dm2122practical\debug\main.obj
c:\users\frostylore\desktop\poly s2 assignment 2\comg\assignment 2\dm2122_choipoh_assignment02\dm2122practical\debug\mesh.obj
c:\users\frostylore\desktop\poly s2 assignment 2\comg\assignment 2\dm2122_choipoh_assignment02\dm2122practical\debug\meshbuilder.obj
c:\users\frostylore\desktop\poly s2 assignment 2\comg\assignment 2\dm2122_choipoh_assignment02\dm2122practical\debug\scene1.obj
c:\users\frostylore\desktop\poly s2 assignment 2\comg\assignment 2\dm2122_choipoh_assignment02\dm2122practical\debug\shader.obj
c:\users\frostylore\desktop\poly s2 assignment 2\comg\assignment 2\dm2122_choipoh_assignment02\dm2122practical\debug\utility.obj
c:\users\frostylore\desktop\poly s2 assignment 2\comg\assignment 2\dm2122_choipoh_assignment02\dm2122practical\debug\vc141.idb
c:\users\frostylore\desktop\poly s2 assignment 2\comg\assignment 2\dm2122_choipoh_assignment02\dm2122practical\debug\vc141.pdb
c:\users\frostylore\desktop\poly s2 assignment 2\comg\assignment 2\dm2122_choipoh_assignment02\debug\dm2122practical.pdb
c:\users\frostylore\desktop\poly s2 assignment 2\comg\assignment 2\dm2122_choipoh_assignment02\debug\dm2122practical.exe
c:\users\frostylore\desktop\poly s2 assignment 2\comg\assignment 2\dm2122_choipoh_assignment02\debug\dm2122practical.ilk
c:\users\frostylore\desktop\poly s2 assignment 2\comg\assignment 2\dm2122_choipoh_assignment02\dm2122practical\debug\dm2122practical.tlog\cl.command.1.tlog
c:\users\frostylore\desktop\poly s2 assignment 2\comg\assignment 2\dm2122_choipoh_assignment02\dm2122practical\debug\dm2122practical.tlog\cl.read.1.tlog
c:\users\frostylore\desktop\poly s2 assignment 2\comg\assignment 2\dm2122_choipoh_assignment02\dm2122practical\debug\dm2122practical.tlog\cl.write.1.tlog
c:\users\frostylore\desktop\poly s2 assignment 2\comg\assignment 2\dm2122_choipoh_assignment02\dm2122practical\debug\dm2122practical.tlog\link.command.1.tlog
c:\users\frostylore\desktop\poly s2 assignment 2\comg\assignment 2\dm2122_choipoh_assignment02\dm2122practical\debug\dm2122practical.tlog\link.read.1.tlog
c:\users\frostylore\desktop\poly s2 assignment 2\comg\assignment 2\dm2122_choipoh_assignment02\dm2122practical\debug\dm2122practical.tlog\link.write.1.tlog
