c:\users\frostylore\desktop\poly s2 assignment 2\comg\assignment 2\dm2122_choipoh_assignment01\common\debug\common.pdb
c:\users\frostylore\desktop\poly s2 assignment 2\comg\assignment 2\dm2122_choipoh_assignment01\common\debug\common.idb
c:\users\frostylore\desktop\poly s2 assignment 2\comg\assignment 2\dm2122_choipoh_assignment01\common\debug\vector3.obj
c:\users\frostylore\desktop\poly s2 assignment 2\comg\assignment 2\dm2122_choipoh_assignment01\common\debug\timer.obj
c:\users\frostylore\desktop\poly s2 assignment 2\comg\assignment 2\dm2122_choipoh_assignment01\common\debug\mtx44.obj
c:\users\frostylore\desktop\poly s2 assignment 2\comg\assignment 2\dm2122_choipoh_assignment01\common\debug\matrixstack.obj
c:\users\frostylore\desktop\poly s2 assignment 2\comg\assignment 2\dm2122_choipoh_assignment01\debug\common.lib
c:\users\frostylore\desktop\poly s2 assignment 2\comg\assignment 2\dm2122_choipoh_assignment02\common\debug\matrixstack.obj
c:\users\frostylore\desktop\poly s2 assignment 2\comg\assignment 2\dm2122_choipoh_assignment02\common\debug\mtx44.obj
c:\users\frostylore\desktop\poly s2 assignment 2\comg\assignment 2\dm2122_choipoh_assignment02\common\debug\timer.obj
c:\users\frostylore\desktop\poly s2 assignment 2\comg\assignment 2\dm2122_choipoh_assignment02\common\debug\vector3.obj
c:\users\frostylore\desktop\poly s2 assignment 2\comg\assignment 2\dm2122_choipoh_assignment02\common\debug\common.idb
c:\users\frostylore\desktop\poly s2 assignment 2\comg\assignment 2\dm2122_choipoh_assignment02\common\debug\common.pdb
c:\users\frostylore\desktop\poly s2 assignment 2\comg\assignment 2\dm2122_choipoh_assignment02\debug\common.pdb
c:\users\frostylore\desktop\poly s2 assignment 2\comg\assignment 2\dm2122_choipoh_assignment02\debug\common.lib
c:\users\frostylore\desktop\poly s2 assignment 2\comg\assignment 2\dm2122_choipoh_assignment02\common\debug\common.tlog\cl.command.1.tlog
c:\users\frostylore\desktop\poly s2 assignment 2\comg\assignment 2\dm2122_choipoh_assignment02\common\debug\common.tlog\cl.read.1.tlog
c:\users\frostylore\desktop\poly s2 assignment 2\comg\assignment 2\dm2122_choipoh_assignment02\common\debug\common.tlog\cl.write.1.tlog
c:\users\frostylore\desktop\poly s2 assignment 2\comg\assignment 2\dm2122_choipoh_assignment02\common\debug\common.tlog\lib-link.read.1.tlog
c:\users\frostylore\desktop\poly s2 assignment 2\comg\assignment 2\dm2122_choipoh_assignment02\common\debug\common.tlog\lib-link.write.1.tlog
c:\users\frostylore\desktop\poly s2 assignment 2\comg\assignment 2\dm2122_choipoh_assignment02\common\debug\common.tlog\lib.command.1.tlog
